<?xml version="1.0" encoding="UTF-8"?>
<testsuite xmlns:xsi="http://www.w3.org/2001/XMLSchema-instance" xsi:noNamespaceSchemaLocation="https://maven.apache.org/surefire/maven-surefire-plugin/xsd/surefire-test-report-3.0.xsd" version="3.0" name="StackTest" time="1.757" tests="14" errors="0" skipped="0" failures="0">
  <properties>
[...]
</properties>
  <testcase name="testParseGraph" classname="StackTest" time="0.035">
    <system-out><![CDATA[digraph G {
  A -> B;
  B -> C;
  D;
}
digraph G {
  A -> B;
  B -> C;
  D;
}
]]></system-out>
  </testcase>
  <testcase name="testOutputDOTGraph" classname="StackTest" time="0.001">
    <system-out><![CDATA[digraph G {
  A -> B;
  B -> C;
  D;
}
digraph G {
  A -> B;
  B -> C;
  D;
}
]]></system-out>
  </testcase>
  <testcase name="testAddEdge" classname="StackTest" time="0.0"/>
  <testcase name="testAddNode" classname="StackTest" time="0.001">
    <system-out><![CDATA[digraph G {
  A -> B;
  B -> C;
  F;
}
digraph G {
  A -> B;
  B -> C;
  F;
}
]]></system-out>
  </testcase>
  <testcase name="testOutputGraph" classname="StackTest" time="1.452">
    <system-err><![CDATA[SLF4J: Failed to load class "org.slf4j.impl.StaticLoggerBinder".
SLF4J: Defaulting to no-operation (NOP) logger implementation
SLF4J: See http://www.slf4j.org/codes.html#StaticLoggerBinder for further details.
]]></system-err>
  </testcase>
  <testcase name="testBFS" classname="StackTest" time="0.007">
    <system-out><![CDATA[Running BFS Test
BFS Path: A -> D
]]></system-out>
  </testcase>
  <testcase name="testDFS" classname="StackTest" time="0.002">
    <system-out><![CDATA[Running DFS Test
DFS Path: A -> B -> C -> D
]]></system-out>
  </testcase>
  <testcase name="testToString" classname="StackTest" time="0.003">
    <system-out><![CDATA[digraph G {
  A -> B;
  B -> C;
  B -> D;
  E;
}
digraph G {
  A -> B;
  B -> C;
  B -> D;
  E;
}
]]></system-out>
  </testcase>
  <testcase name="testRemoveNodes" classname="StackTest" time="0.002"/>
  <testcase name="testRandomWalk" classname="StackTest" time="0.009">
    <system-out><![CDATA[Running Random Walk Test
random testing
visiting Path{nodes=[A]}
visiting Path{nodes=[A, D]}
visiting Path{nodes=[A, D, A]}
visiting Path{nodes=[A, D, A, D]}
visiting Path{nodes=[A, D, A, D, A]}
visiting Path{nodes=[A, D, A, D, A, B]}
visiting Path{nodes=[A, D, A, D, A, B, C]}
visiting Path{nodes=[A, D, A, D, A, B, C, D]}
visiting Path{nodes=[A, D, A, D, A, B, C, D, A]}
visiting Path{nodes=[A, D, A, D, A, B, C, D, A, D]}
visiting Path{nodes=[A, D, A, D, A, B, C, D, A, D, A]}
visiting Path{nodes=[A, D, A, D, A, B, C, D, A, D, A, D]}
visiting Path{nodes=[A, D, A, D, A, B, C, D, A, D, A, D, A]}
visiting Path{nodes=[A, D, A, D, A, B, C, D, A, D, A, D, A, D]}
visiting Path{nodes=[A, D, A, D, A, B, C, D, A, D, A, D, A, D, A]}
visiting Path{nodes=[A, D, A, D, A, B, C, D, A, D, A, D, A, D, A, B]}
visiting Path{nodes=[A, D, A, D, A, B, C, D, A, D, A, D, A, D, A, B, C]}
visiting Path{nodes=[A, D, A, D, A, B, C, D, A, D, A, D, A, D, A, B, C, E]}
visiting Path{nodes=[A, D, A, D, A, B, C, D, A, D, A, D, A, D, A, B, C, E, G]}
Path{nodes=[A, D, A, D, A, B, C, D, A, D, A, D, A, D, A, B, C, E, G]}
Random Walk Path: A -> D -> A -> D -> A -> B -> C -> D -> A -> D -> A -> D -> A -> D -> A -> B -> C -> E -> G
]]></system-out>
  </testcase>
  <testcase name="testAddNodes" classname="StackTest" time="0.002">
    <system-out><![CDATA[digraph G {
  A -> B;
  B -> C;
  Q;
  W;
  E;
  R;
  T;
}
digraph G {
  A -> B;
  B -> C;
  Q;
  W;
  E;
  R;
  T;
}
]]></system-out>
  </testcase>
  <testcase name="testRemoveEdge" classname="StackTest" time="0.005"/>
  <testcase name="testRemoveNode" classname="StackTest" time="0.0"/>
  <testcase name="testOutputGraphics" classname="StackTest" time="0.152"/>
</testsuite>